<?xml version="1.0" encoding="UTF-8"?>
<!-- Generated by org.testng.reporters.JUnitXMLReporter -->
<testsuite ignored="0" hostname="DESKTOP-RQN3NI2" failures="0" tests="5" name="Test" time="38.327" errors="0" timestamp="2023-06-24T19:32:51 IST">
  <testcase classname="com.learnautomation.testcases.Logintest" name="creatuser" time="3.933"/>
  <testcase classname="com.learnautomation.testcases.Logintest" name="creatuser" time="3.487"/>
  <testcase classname="com.learnautomation.testcases.Logintest" name="creatuser" time="3.477"/>
  <testcase classname="com.learnautomation.testcases.Logintest" name="creatuser" time="3.544"/>
  <testcase classname="com.learnautomation.testcases.Logintest" name="creatuser" time="3.504"/>
</testsuite> <!-- Test -->
