<?xml version="1.0" encoding="UTF-8"?>
<!-- Generated by org.testng.reporters.JUnitXMLReporter -->
<testsuite ignored="0" hostname="DESKTOP-RQN3NI2" failures="0" tests="5" name="Test" time="51.594" errors="0" timestamp="2023-08-18T18:10:17 IST">
  <testcase classname="mmt.MMT_UI" name="test_home_page" time="0.218"/>
  <testcase classname="mmt.MMT_UI" name="test_pan_dob_page" time="2.342"/>
  <testcase classname="mmt.MMT_UI" name="test_aadhaar_page" time="15.711"/>
  <testcase classname="mmt.MMT_UI" name="test_aadhaar_otp_page" time="2.23"/>
  <testcase classname="mmt.MMT_UI" name="test_mmt_offer_page" time="19.069"/>
</testsuite> <!-- Test -->
