<?xml version="1.0" encoding="UTF-8"?>
<testng-results skipped="0" failed="1" ignored="0" total="5" passed="4">
  <reporter-output>
  </reporter-output>
  <suite name="Suite" duration-ms="75267" started-at="2023-06-29T12:11:51 IST" finished-at="2023-06-29T12:13:07 IST">
    <groups>
    </groups>
    <test name="Test" duration-ms="75267" started-at="2023-06-29T12:11:51 IST" finished-at="2023-06-29T12:13:07 IST">
      <class name="com.learnautomation.testcases.Logintest">
        <test-method status="PASS" signature="setupbrowser()[pri:0, instance:com.learnautomation.testcases.Logintest@149e0f5d]" name="setupbrowser" is-config="true" duration-ms="6204" started-at="2023-06-29T12:11:53 IST" finished-at="2023-06-29T12:11:59 IST">
          <reporter-output>
          </reporter-output>
        </test-method> <!-- setupbrowser -->
        <test-method status="FAIL" signature="creatuser(java.lang.String,java.lang.String,java.lang.String,java.lang.String,java.lang.String,java.lang.String,java.lang.String)[pri:0, instance:com.learnautomation.testcases.Logintest@149e0f5d]" name="creatuser" duration-ms="30136" started-at="2023-06-29T12:11:59 IST" data-provider="Datafromexcel" finished-at="2023-06-29T12:12:29 IST">
          <params>
            <param index="0">
              <value>
                <![CDATA[Mahendra]]>
              </value>
            </param>
            <param index="1">
              <value>
                <![CDATA[mahendra@gmail.com]]>
              </value>
            </param>
            <param index="2">
              <value>
                <![CDATA[mahendra@123]]>
              </value>
            </param>
            <param index="3">
              <value>
                <![CDATA[Web Development_Pragna]]>
              </value>
            </param>
            <param index="4">
              <value>
                <![CDATA[Male]]>
              </value>
            </param>
            <param index="5">
              <value>
                <![CDATA[Maharashtra]]>
              </value>
            </param>
            <param index="6">
              <value>
                <![CDATA[Playing]]>
              </value>
            </param>
          </params>
          <exception class="org.openqa.selenium.TimeoutException">
            <message>
              <![CDATA[Expected condition failed: waiting for element to be clickable: By.id: name (tried for 10 second(s) with 500 milliseconds interval)
Build info: version: '4.9.0', revision: 'd7057100a6'
System info: os.name: 'Windows 10', os.arch: 'amd64', os.version: '10.0', java.version: '1.8.0_341'
Driver info: org.openqa.selenium.chrome.ChromeDriver
Capabilities {acceptInsecureCerts: false, browserName: chrome, browserVersion: 114.0.5735.134, chrome: {chromedriverVersion: 114.0.5735.90 (386bc09e8f4f..., userDataDir: C:\Users\User\AppData\Local...}, goog:chromeOptions: {debuggerAddress: localhost:64918}, networkConnectionEnabled: false, pageLoadStrategy: normal, platformName: WINDOWS, proxy: Proxy(), se:cdp: ws://localhost:64918/devtoo..., se:cdpVersion: 114.0.5735.134, setWindowRect: true, strictFileInteractability: false, timeouts: {implicit: 0, pageLoad: 300000, script: 30000}, unhandledPromptBehavior: dismiss and notify, webauthn:extension:credBlob: true, webauthn:extension:largeBlob: true, webauthn:extension:minPinLength: true, webauthn:extension:prf: true, webauthn:virtualAuthenticators: true}
Session ID: 3821538bbf67aef443dc850a4d94f207]]>
            </message>
            <full-stacktrace>
              <![CDATA[org.openqa.selenium.TimeoutException: Expected condition failed: waiting for element to be clickable: By.id: name (tried for 10 second(s) with 500 milliseconds interval)
Build info: version: '4.9.0', revision: 'd7057100a6'
System info: os.name: 'Windows 10', os.arch: 'amd64', os.version: '10.0', java.version: '1.8.0_341'
Driver info: org.openqa.selenium.chrome.ChromeDriver
Capabilities {acceptInsecureCerts: false, browserName: chrome, browserVersion: 114.0.5735.134, chrome: {chromedriverVersion: 114.0.5735.90 (386bc09e8f4f..., userDataDir: C:\Users\User\AppData\Local...}, goog:chromeOptions: {debuggerAddress: localhost:64918}, networkConnectionEnabled: false, pageLoadStrategy: normal, platformName: WINDOWS, proxy: Proxy(), se:cdp: ws://localhost:64918/devtoo..., se:cdpVersion: 114.0.5735.134, setWindowRect: true, strictFileInteractability: false, timeouts: {implicit: 0, pageLoad: 300000, script: 30000}, unhandledPromptBehavior: dismiss and notify, webauthn:extension:credBlob: true, webauthn:extension:largeBlob: true, webauthn:extension:minPinLength: true, webauthn:extension:prf: true, webauthn:virtualAuthenticators: true}
Session ID: 3821538bbf67aef443dc850a4d94f207
at org.openqa.selenium.support.ui.WebDriverWait.timeoutException(WebDriverWait.java:87)
at org.openqa.selenium.support.ui.FluentWait.until(FluentWait.java:231)
at com.learnautomation.helper.Utility.Elementwaitandhighlight(Utility.java:32)
at com.learnautomation.testcases.Logintest.creatuser(Logintest.java:45)
at sun.reflect.NativeMethodAccessorImpl.invoke0(Native Method)
at sun.reflect.NativeMethodAccessorImpl.invoke(NativeMethodAccessorImpl.java:62)
at sun.reflect.DelegatingMethodAccessorImpl.invoke(DelegatingMethodAccessorImpl.java:43)
at java.lang.reflect.Method.invoke(Method.java:498)
at org.testng.internal.MethodInvocationHelper.invokeMethod(MethodInvocationHelper.java:133)
at org.testng.internal.TestInvoker.invokeMethod(TestInvoker.java:598)
at org.testng.internal.TestInvoker.invokeTestMethod(TestInvoker.java:173)
at org.testng.internal.MethodRunner.runInSequence(MethodRunner.java:46)
at org.testng.internal.TestInvoker$MethodInvocationAgent.invoke(TestInvoker.java:824)
at org.testng.internal.TestInvoker.invokeTestMethods(TestInvoker.java:146)
at org.testng.internal.TestMethodWorker.invokeTestMethods(TestMethodWorker.java:146)
at org.testng.internal.TestMethodWorker.run(TestMethodWorker.java:128)
at java.util.ArrayList.forEach(ArrayList.java:1259)
at org.testng.TestRunner.privateRun(TestRunner.java:794)
at org.testng.TestRunner.run(TestRunner.java:596)
at org.testng.SuiteRunner.runTest(SuiteRunner.java:377)
at org.testng.SuiteRunner.runSequentially(SuiteRunner.java:371)
at org.testng.SuiteRunner.privateRun(SuiteRunner.java:332)
at org.testng.SuiteRunner.run(SuiteRunner.java:276)
at org.testng.SuiteRunnerWorker.runSuite(SuiteRunnerWorker.java:53)
at org.testng.SuiteRunnerWorker.run(SuiteRunnerWorker.java:96)
at org.testng.TestNG.runSuitesSequentially(TestNG.java:1212)
at org.testng.TestNG.runSuitesLocally(TestNG.java:1134)
at org.testng.TestNG.runSuites(TestNG.java:1063)
at org.testng.TestNG.run(TestNG.java:1031)
at org.apache.maven.surefire.testng.TestNGExecutor.run(TestNGExecutor.java:308)
at org.apache.maven.surefire.testng.TestNGXmlTestSuite.execute(TestNGXmlTestSuite.java:71)
at org.apache.maven.surefire.testng.TestNGProvider.invoke(TestNGProvider.java:113)
at org.apache.maven.surefire.booter.ForkedBooter.runSuitesInProcess(ForkedBooter.java:385)
at org.apache.maven.surefire.booter.ForkedBooter.execute(ForkedBooter.java:162)
at org.apache.maven.surefire.booter.ForkedBooter.run(ForkedBooter.java:507)
at org.apache.maven.surefire.booter.ForkedBooter.main(ForkedBooter.java:495)
]]>
            </full-stacktrace>
          </exception> <!-- org.openqa.selenium.TimeoutException -->
          <reporter-output>
          </reporter-output>
        </test-method> <!-- creatuser -->
        <test-method status="PASS" signature="Closebrowser()[pri:0, instance:com.learnautomation.testcases.Logintest@149e0f5d]" name="Closebrowser" is-config="true" duration-ms="804" started-at="2023-06-29T12:12:29 IST" finished-at="2023-06-29T12:12:30 IST">
          <reporter-output>
          </reporter-output>
        </test-method> <!-- Closebrowser -->
        <test-method status="PASS" signature="setupbrowser()[pri:0, instance:com.learnautomation.testcases.Logintest@149e0f5d]" name="setupbrowser" is-config="true" duration-ms="3428" started-at="2023-06-29T12:12:30 IST" finished-at="2023-06-29T12:12:33 IST">
          <reporter-output>
          </reporter-output>
        </test-method> <!-- setupbrowser -->
        <test-method status="PASS" signature="creatuser(java.lang.String,java.lang.String,java.lang.String,java.lang.String,java.lang.String,java.lang.String,java.lang.String)[pri:0, instance:com.learnautomation.testcases.Logintest@149e0f5d]" name="creatuser" duration-ms="9091" started-at="2023-06-29T12:12:33 IST" data-provider="Datafromexcel" finished-at="2023-06-29T12:12:43 IST">
          <params>
            <param index="0">
              <value>
                <![CDATA[Amit]]>
              </value>
            </param>
            <param index="1">
              <value>
                <![CDATA[amit@gmail.com]]>
              </value>
            </param>
            <param index="2">
              <value>
                <![CDATA[amit@123]]>
              </value>
            </param>
            <param index="3">
              <value>
                <![CDATA[App Development]]>
              </value>
            </param>
            <param index="4">
              <value>
                <![CDATA[Male]]>
              </value>
            </param>
            <param index="5">
              <value>
                <![CDATA[Goa]]>
              </value>
            </param>
            <param index="6">
              <value>
                <![CDATA[Reading]]>
              </value>
            </param>
          </params>
          <reporter-output>
          </reporter-output>
        </test-method> <!-- creatuser -->
        <test-method status="PASS" signature="Closebrowser()[pri:0, instance:com.learnautomation.testcases.Logintest@149e0f5d]" name="Closebrowser" is-config="true" duration-ms="729" started-at="2023-06-29T12:12:43 IST" finished-at="2023-06-29T12:12:43 IST">
          <reporter-output>
          </reporter-output>
        </test-method> <!-- Closebrowser -->
        <test-method status="PASS" signature="setupbrowser()[pri:0, instance:com.learnautomation.testcases.Logintest@149e0f5d]" name="setupbrowser" is-config="true" duration-ms="3690" started-at="2023-06-29T12:12:43 IST" finished-at="2023-06-29T12:12:47 IST">
          <reporter-output>
          </reporter-output>
        </test-method> <!-- setupbrowser -->
        <test-method status="PASS" signature="creatuser(java.lang.String,java.lang.String,java.lang.String,java.lang.String,java.lang.String,java.lang.String,java.lang.String)[pri:0, instance:com.learnautomation.testcases.Logintest@149e0f5d]" name="creatuser" duration-ms="3311" started-at="2023-06-29T12:12:47 IST" data-provider="Datafromexcel" finished-at="2023-06-29T12:12:50 IST">
          <params>
            <param index="0">
              <value>
                <![CDATA[Sagar]]>
              </value>
            </param>
            <param index="1">
              <value>
                <![CDATA[sagar@gmail.com]]>
              </value>
            </param>
            <param index="2">
              <value>
                <![CDATA[sagar@123]]>
              </value>
            </param>
            <param index="3">
              <value>
                <![CDATA[Automation Testing]]>
              </value>
            </param>
            <param index="4">
              <value>
                <![CDATA[Male]]>
              </value>
            </param>
            <param index="5">
              <value>
                <![CDATA[Gujarat]]>
              </value>
            </param>
            <param index="6">
              <value>
                <![CDATA[Swimming]]>
              </value>
            </param>
          </params>
          <reporter-output>
          </reporter-output>
        </test-method> <!-- creatuser -->
        <test-method status="PASS" signature="Closebrowser()[pri:0, instance:com.learnautomation.testcases.Logintest@149e0f5d]" name="Closebrowser" is-config="true" duration-ms="921" started-at="2023-06-29T12:12:50 IST" finished-at="2023-06-29T12:12:51 IST">
          <reporter-output>
          </reporter-output>
        </test-method> <!-- Closebrowser -->
        <test-method status="PASS" signature="setupbrowser()[pri:0, instance:com.learnautomation.testcases.Logintest@149e0f5d]" name="setupbrowser" is-config="true" duration-ms="3372" started-at="2023-06-29T12:12:51 IST" finished-at="2023-06-29T12:12:55 IST">
          <reporter-output>
          </reporter-output>
        </test-method> <!-- setupbrowser -->
        <test-method status="PASS" signature="creatuser(java.lang.String,java.lang.String,java.lang.String,java.lang.String,java.lang.String,java.lang.String,java.lang.String)[pri:0, instance:com.learnautomation.testcases.Logintest@149e0f5d]" name="creatuser" duration-ms="3590" started-at="2023-06-29T12:12:55 IST" data-provider="Datafromexcel" finished-at="2023-06-29T12:12:58 IST">
          <params>
            <param index="0">
              <value>
                <![CDATA[pooja]]>
              </value>
            </param>
            <param index="1">
              <value>
                <![CDATA[pooja@gmail.com]]>
              </value>
            </param>
            <param index="2">
              <value>
                <![CDATA[pooja@123]]>
              </value>
            </param>
            <param index="3">
              <value>
                <![CDATA[Window Testing]]>
              </value>
            </param>
            <param index="4">
              <value>
                <![CDATA[Female]]>
              </value>
            </param>
            <param index="5">
              <value>
                <![CDATA[Haryana]]>
              </value>
            </param>
            <param index="6">
              <value>
                <![CDATA[Singing]]>
              </value>
            </param>
          </params>
          <reporter-output>
          </reporter-output>
        </test-method> <!-- creatuser -->
        <test-method status="PASS" signature="Closebrowser()[pri:0, instance:com.learnautomation.testcases.Logintest@149e0f5d]" name="Closebrowser" is-config="true" duration-ms="792" started-at="2023-06-29T12:12:58 IST" finished-at="2023-06-29T12:12:59 IST">
          <reporter-output>
          </reporter-output>
        </test-method> <!-- Closebrowser -->
        <test-method status="PASS" signature="setupbrowser()[pri:0, instance:com.learnautomation.testcases.Logintest@149e0f5d]" name="setupbrowser" is-config="true" duration-ms="3884" started-at="2023-06-29T12:12:59 IST" finished-at="2023-06-29T12:13:03 IST">
          <reporter-output>
          </reporter-output>
        </test-method> <!-- setupbrowser -->
        <test-method status="PASS" signature="creatuser(java.lang.String,java.lang.String,java.lang.String,java.lang.String,java.lang.String,java.lang.String,java.lang.String)[pri:0, instance:com.learnautomation.testcases.Logintest@149e0f5d]" name="creatuser" duration-ms="3116" started-at="2023-06-29T12:13:03 IST" data-provider="Datafromexcel" finished-at="2023-06-29T12:13:06 IST">
          <params>
            <param index="0">
              <value>
                <![CDATA[sunil]]>
              </value>
            </param>
            <param index="1">
              <value>
                <![CDATA[sunil@gmail.com]]>
              </value>
            </param>
            <param index="2">
              <value>
                <![CDATA[sunil@123]]>
              </value>
            </param>
            <param index="3">
              <value>
                <![CDATA[Performance Testing]]>
              </value>
            </param>
            <param index="4">
              <value>
                <![CDATA[Male]]>
              </value>
            </param>
            <param index="5">
              <value>
                <![CDATA[Bihar]]>
              </value>
            </param>
            <param index="6">
              <value>
                <![CDATA[Dancing]]>
              </value>
            </param>
          </params>
          <reporter-output>
          </reporter-output>
        </test-method> <!-- creatuser -->
        <test-method status="PASS" signature="Closebrowser()[pri:0, instance:com.learnautomation.testcases.Logintest@149e0f5d]" name="Closebrowser" is-config="true" duration-ms="779" started-at="2023-06-29T12:13:06 IST" finished-at="2023-06-29T12:13:07 IST">
          <reporter-output>
          </reporter-output>
        </test-method> <!-- Closebrowser -->
      </class> <!-- com.learnautomation.testcases.Logintest -->
    </test> <!-- Test -->
  </suite> <!-- Suite -->
</testng-results>
