<?xml version="1.0" encoding="UTF-8"?>
<testng-results ignored="0" total="1" passed="1" failed="0" skipped="0">
  <reporter-output>
  </reporter-output>
  <suite started-at="2023-12-14T11:54:52 IST" name="Default suite" finished-at="2023-12-14T11:54:52 IST" duration-ms="105">
    <groups>
    </groups>
    <test started-at="2023-12-14T11:54:52 IST" name="Default test" finished-at="2023-12-14T11:54:52 IST" duration-ms="105">
      <class name="mmt.prac">
        <test-method signature="arry()[pri:0, instance:mmt.prac@618425b5]" started-at="2023-12-14T11:54:52 IST" name="arry" finished-at="2023-12-14T11:54:52 IST" duration-ms="18" status="PASS">
          <reporter-output>
          </reporter-output>
        </test-method> <!-- arry -->
      </class> <!-- mmt.prac -->
    </test> <!-- Default test -->
  </suite> <!-- Default suite -->
</testng-results>
